{"uid":"d6cf6fcdc9a1920b","name":"test_login_invalid_credentials[chrome-john-invalid]","fullName":"tests.frontend.test_user_login#test_login_invalid_credentials","historyId":"67c1dcc933ab360aea26a8040d7835c6","time":{"start":1737272945410,"stop":1737272946963,"duration":1553},"status":"failed","statusMessage":"AssertionError: assert 'An internal ... been logged.' == 'The username... be verified.'\n  \n  - The username and password could not be verified.\n  + An internal error has occurred and has been logged.","statusTrace":"username = 'john', password = 'invalid'\ntarget_driver = <selenium.webdriver.chrome.webdriver.WebDriver (session=\"ce0995ad7bf920590ba645396228d095\")>\n\n    @allure.feature(\"Login\")\n    @allure.story(\"E2E: Login with invalid credentials\")\n    @pytest.mark.parametrize(\"username, password\", [(\"john\", \"invalid\")])\n    def test_login_invalid_credentials(\n        username: str,\n        password: str,\n        target_driver: WebDriver,\n    ) -> None:\n        index_page = ParabankIndexPage(target_driver)\n        index_page.load()\n        index_page.login_section.login(username, password)\n    \n        error_message = index_page.get_text(index_page.login_section.ERROR_MESSAGE)\n>       assert error_message == index_page.login_section.error_message_invalid_credentials\nE       AssertionError: assert 'An internal ... been logged.' == 'The username... be verified.'\nE         \nE         - The username and password could not be verified.\nE         + An internal error has occurred and has been logged.\n\ntests/frontend/test_user_login.py:21: AssertionError","flaky":false,"newFailed":true,"newBroken":false,"newPassed":false,"retriesCount":0,"retriesStatusChange":false,"beforeStages":[{"name":"driver_factory","time":{"start":1737272939541,"stop":1737272939541,"duration":0},"status":"passed","steps":[],"attachments":[],"parameters":[],"shouldDisplayMessage":false,"stepsCount":0,"attachmentsCount":0,"hasContent":false,"attachmentStep":false},{"name":"target_driver","time":{"start":1737272939541,"stop":1737272945410,"duration":5869},"status":"passed","steps":[],"attachments":[],"parameters":[],"shouldDisplayMessage":false,"stepsCount":0,"attachmentsCount":0,"hasContent":false,"attachmentStep":false}],"testStage":{"status":"failed","statusMessage":"AssertionError: assert 'An internal ... been logged.' == 'The username... be verified.'\n  \n  - The username and password could not be verified.\n  + An internal error has occurred and has been logged.","statusTrace":"username = 'john', password = 'invalid'\ntarget_driver = <selenium.webdriver.chrome.webdriver.WebDriver (session=\"ce0995ad7bf920590ba645396228d095\")>\n\n    @allure.feature(\"Login\")\n    @allure.story(\"E2E: Login with invalid credentials\")\n    @pytest.mark.parametrize(\"username, password\", [(\"john\", \"invalid\")])\n    def test_login_invalid_credentials(\n        username: str,\n        password: str,\n        target_driver: WebDriver,\n    ) -> None:\n        index_page = ParabankIndexPage(target_driver)\n        index_page.load()\n        index_page.login_section.login(username, password)\n    \n        error_message = index_page.get_text(index_page.login_section.ERROR_MESSAGE)\n>       assert error_message == index_page.login_section.error_message_invalid_credentials\nE       AssertionError: assert 'An internal ... been logged.' == 'The username... be verified.'\nE         \nE         - The username and password could not be verified.\nE         + An internal error has occurred and has been logged.\n\ntests/frontend/test_user_login.py:21: AssertionError","steps":[],"attachments":[{"uid":"e148b4d0befab3e2","name":"log","source":"e148b4d0befab3e2.txt","type":"text/plain","size":1201},{"uid":"adea6454d1765956","name":"stdout","source":"adea6454d1765956.txt","type":"text/plain","size":330},{"uid":"3215b7451bccd757","name":"stderr","source":"3215b7451bccd757.txt","type":"text/plain","size":416341}],"parameters":[],"shouldDisplayMessage":true,"stepsCount":0,"attachmentsCount":3,"hasContent":true,"attachmentStep":false},"afterStages":[{"name":"target_driver::0","time":{"start":1737272946995,"stop":1737272947162,"duration":167},"status":"passed","steps":[{"name":"Attaching screenshot","time":{"start":1737272946995,"stop":1737272947083,"duration":88},"status":"passed","steps":[],"attachments":[{"uid":"402e9e6ca17be598","name":"test_test_login_invalid_credentials[chrome-john-invalid]","source":"402e9e6ca17be598.png","type":"image/png","size":87285}],"parameters":[{"name":"driver","value":"<selenium.webdriver.chrome.webdriver.WebDriver (session=\"ce0995ad7bf920590ba645396228d095\")>"},{"name":"name","value":"'test_test_login_invalid_credentials[chrome-john-invalid]'"}],"shouldDisplayMessage":false,"stepsCount":0,"attachmentsCount":1,"hasContent":true,"attachmentStep":false}],"attachments":[],"parameters":[],"shouldDisplayMessage":false,"stepsCount":1,"attachmentsCount":1,"hasContent":true,"attachmentStep":false},{"name":"driver_factory::0","time":{"start":1737272991209,"stop":1737272991209,"duration":0},"status":"passed","steps":[],"attachments":[],"parameters":[],"shouldDisplayMessage":false,"stepsCount":0,"attachmentsCount":0,"hasContent":false,"attachmentStep":false}],"labels":[{"name":"feature","value":"Login"},{"name":"story","value":"E2E: Login with invalid credentials"},{"name":"parentSuite","value":"tests.frontend"},{"name":"suite","value":"test_user_login"},{"name":"host","value":"fv-az1983-383"},{"name":"thread","value":"1958-MainThread"},{"name":"framework","value":"pytest"},{"name":"language","value":"cpython3"},{"name":"package","value":"tests.frontend.test_user_login"},{"name":"resultFormat","value":"allure2"}],"parameters":[{"name":"password","value":"'invalid'"},{"name":"target_driver","value":"'chrome'"},{"name":"username","value":"'john'"}],"links":[],"hidden":false,"retry":false,"extra":{"severity":"normal","retries":[],"categories":[{"name":"Product defects","matchedStatuses":[],"flaky":false}],"history":{"statistic":{"failed":1,"broken":0,"skipped":0,"passed":1,"unknown":0,"total":2},"items":[{"uid":"e0d65ce45ffc9695","reportUrl":"https://ShadyZahran.github.io/python-selenium/Dev/7//#testresult/e0d65ce45ffc9695","status":"passed","time":{"start":1737221836168,"stop":1737221837466,"duration":1298}}]},"tags":[]},"source":"d6cf6fcdc9a1920b.json","parameterValues":["'invalid'","'chrome'","'john'"]}